<?xml version="1.0" encoding="UTF-8"?>
<testng-results ignored="0" total="1" passed="1" failed="0" skipped="0">
  <reporter-output>
  </reporter-output>
  <suite started-at="2022-12-08T21:06:41 EST" name="Default suite" finished-at="2022-12-08T21:06:50 EST" duration-ms="8959">
    <groups>
    </groups>
    <test started-at="2022-12-08T21:06:41 EST" name="Default test" finished-at="2022-12-08T21:06:50 EST" duration-ms="8959">
      <class name="tests.NewLoginToActi">
        <test-method is-config="true" signature="openBrowser()[pri:0, instance:tests.NewLoginToActi@7c7a06ec]" started-at="2022-12-08T21:06:41 EST" name="openBrowser" finished-at="2022-12-08T21:06:48 EST" duration-ms="6810" status="PASS">
          <reporter-output>
          </reporter-output>
        </test-method> <!-- openBrowser -->
        <test-method signature="f()[pri:0, instance:tests.NewLoginToActi@7c7a06ec]" started-at="2022-12-08T21:06:48 EST" name="f" finished-at="2022-12-08T21:06:49 EST" duration-ms="1007" status="PASS">
          <reporter-output>
          </reporter-output>
        </test-method> <!-- f -->
        <test-method is-config="true" signature="closeBrowser()[pri:0, instance:tests.NewLoginToActi@7c7a06ec]" started-at="2022-12-08T21:06:49 EST" name="closeBrowser" finished-at="2022-12-08T21:06:50 EST" duration-ms="1024" status="PASS">
          <reporter-output>
          </reporter-output>
        </test-method> <!-- closeBrowser -->
      </class> <!-- tests.NewLoginToActi -->
    </test> <!-- Default test -->
  </suite> <!-- Default suite -->
</testng-results>
